This file contains any messages produced by compilers while
running configure, to aid debugging if configure makes a mistake.

It was created by pomdp-solve configure 5.4, which was
generated by GNU Autoconf 2.69.  Invocation command line was

  $ ./configure 

## --------- ##
## Platform. ##
## --------- ##

hostname = aÇöÇöÅv-PC
uname -m = x86_64
uname -r = 2.0.4(0.287/5/3)
uname -s = CYGWIN_NT-6.1
uname -v = 2015-06-09 12:22

/usr/bin/uname -p = unknown
/bin/uname -X     = unknown

/bin/arch              = x86_64
/usr/bin/arch -k       = unknown
/usr/convex/getsysinfo = unknown
/usr/bin/hostinfo      = unknown
/bin/machine           = unknown
/usr/bin/oslevel       = unknown
/bin/universe          = unknown

PATH: /usr/local/bin
PATH: /usr/bin
PATH: /cygdrive/c/Python34
PATH: /cygdrive/c/Python34/Scripts
PATH: /cygdrive/c/Program Files/Common Files/Microsoft Shared/Windows Live
PATH: /cygdrive/c/Program Files (x86)/Common Files/Microsoft Shared/Windows Live
PATH: /cygdrive/c/Windows/system32
PATH: /cygdrive/c/Windows
PATH: /cygdrive/c/Windows/System32/Wbem
PATH: /cygdrive/c/Windows/System32/WindowsPowerShell/v1.0
PATH: /cygdrive/c/Program Files (x86)/Windows Live/Shared
PATH: /cygdrive/c/Program Files (x86)/Common Files/Roxio Shared/DLLShared
PATH: /cygdrive/c/Program Files (x86)/Common Files/Roxio Shared/OEM/DLLShared
PATH: /cygdrive/c/Program Files (x86)/Common Files/Roxio Shared/OEM/DLLShared
PATH: /cygdrive/c/Program Files (x86)/Common Files/Roxio Shared/OEM/12.0/DLLShared
PATH: /cygdrive/c/Program Files (x86)/Roxio/OEM/AudioCore
PATH: /cygdrive/c/Program Files (x86)/Git/cmd
PATH: /cygdrive/c/Program Files/Microsoft SQL Server/110/Tools/Binn
PATH: /cygdrive/c/Program Files (x86)/Microsoft SDKs/TypeScript/1.0
PATH: /cygdrive/c/Program Files/Microsoft SQL Server/120/Tools/Binn
PATH: /cygdrive/c/Anaconda3
PATH: /cygdrive/c/Anaconda3/Scripts


## ----------- ##
## Core tests. ##
## ----------- ##

configure:2268: checking for a BSD-compatible install
configure:2336: result: /usr/bin/install -c
configure:2347: checking whether build environment is sane
configure:2402: result: yes
configure:2553: checking for a thread-safe mkdir -p
configure:2592: result: /usr/bin/mkdir -p
configure:2599: checking for gawk
configure:2615: found /usr/bin/gawk
configure:2626: result: gawk
configure:2637: checking whether make sets $(MAKE)
configure:2659: result: yes
configure:2688: checking whether make supports nested variables
configure:2705: result: yes
configure:2926: checking for bison
configure:2956: result: no
configure:2926: checking for byacc
configure:2956: result: no
configure:3013: checking for gcc
configure:3029: found /usr/bin/gcc
configure:3040: result: gcc
configure:3269: checking for C compiler version
configure:3278: gcc --version >&5
gcc (GCC) 4.9.2
Copyright (C) 2014 Free Software Foundation, Inc.
This is free software; see the source for copying conditions.  There is NO
warranty; not even for MERCHANTABILITY or FITNESS FOR A PARTICULAR PURPOSE.

configure:3289: $? = 0
configure:3278: gcc -v >&5
Using built-in specs.
COLLECT_GCC=gcc
COLLECT_LTO_WRAPPER=/usr/lib/gcc/x86_64-pc-cygwin/4.9.2/lto-wrapper.exe
Target: x86_64-pc-cygwin
Configured with: /cygdrive/i/szsz/tmpp/gcc/gcc-4.9.2-3.x86_64/src/gcc-4.9.2/configure --srcdir=/cygdrive/i/szsz/tmpp/gcc/gcc-4.9.2-3.x86_64/src/gcc-4.9.2 --prefix=/usr --exec-prefix=/usr --bindir=/usr/bin --sbindir=/usr/sbin --libexecdir=/usr/libexec --datadir=/usr/share --localstatedir=/var --sysconfdir=/etc --libdir=/usr/lib --datarootdir=/usr/share --docdir=/usr/share/doc/gcc --htmldir=/usr/share/doc/gcc/html -C --build=x86_64-pc-cygwin --host=x86_64-pc-cygwin --target=x86_64-pc-cygwin --without-libiconv-prefix --without-libintl-prefix --libexecdir=/usr/lib --enable-shared --enable-shared-libgcc --enable-static --enable-version-specific-runtime-libs --enable-bootstrap --enable-__cxa_atexit --with-dwarf2 --with-tune=generic --enable-languages=ada,c,c++,fortran,lto,objc,obj-c++ --enable-graphite --enable-threads=posix --enable-libatomic --enable-libgomp --disable-libitm --enable-libquadmath --enable-libquadmath-support --enable-libssp --enable-libada --enable-libgcj-sublibs --disable-java-awt --disable-symvers --with-ecj-jar=/usr/share/java/ecj.jar --with-gnu-ld --with-gnu-as --with-cloog-include=/usr/include/cloog-isl --without-libiconv-prefix --without-libintl-prefix --with-system-zlib --enable-linker-build-id
Thread model: posix
gcc version 4.9.2 (GCC) 
configure:3289: $? = 0
configure:3278: gcc -V >&5
gcc: error: unrecognized command line option '-V'
gcc: fatal error: no input files
compilation terminated.
configure:3289: $? = 1
configure:3278: gcc -qversion >&5
gcc: error: unrecognized command line option '-qversion'
gcc: fatal error: no input files
compilation terminated.
configure:3289: $? = 1
configure:3309: checking whether the C compiler works
configure:3331: gcc    conftest.c  >&5
configure:3335: $? = 0
configure:3383: result: yes
configure:3386: checking for C compiler default output file name
configure:3388: result: a.exe
configure:3394: checking for suffix of executables
configure:3401: gcc -o conftest.exe    conftest.c  >&5
configure:3405: $? = 0
configure:3427: result: .exe
configure:3449: checking whether we are cross compiling
configure:3457: gcc -o conftest.exe    conftest.c  >&5
configure:3461: $? = 0
configure:3468: ./conftest.exe
configure:3472: $? = 0
configure:3487: result: no
configure:3492: checking for suffix of object files
configure:3514: gcc -c   conftest.c >&5
configure:3518: $? = 0
configure:3539: result: o
configure:3543: checking whether we are using the GNU C compiler
configure:3562: gcc -c   conftest.c >&5
configure:3562: $? = 0
configure:3571: result: yes
configure:3580: checking whether gcc accepts -g
configure:3600: gcc -c -g  conftest.c >&5
configure:3600: $? = 0
configure:3641: result: yes
configure:3658: checking for gcc option to accept ISO C89
configure:3721: gcc  -c -g -O2  conftest.c >&5
configure:3721: $? = 0
configure:3734: result: none needed
configure:3759: checking whether gcc understands -c and -o together
configure:3781: gcc -c conftest.c -o conftest2.o
configure:3784: $? = 0
configure:3781: gcc -c conftest.c -o conftest2.o
configure:3784: $? = 0
configure:3796: result: yes
configure:3824: checking for style of include used by make
configure:3852: result: GNU
configure:3878: checking dependency style of gcc
configure:3989: result: gcc3
configure:4009: checking for flex
configure:4039: result: no
configure:4009: checking for lex
configure:4039: result: no
configure:4210: checking for ranlib
configure:4226: found /usr/bin/ranlib
configure:4237: result: ranlib
configure:4262: checking for main in -lcplex
configure:4281: gcc -o conftest.exe -g -O2   conftest.c -lcplex   >&5
/usr/lib/gcc/x86_64-pc-cygwin/4.9.2/../../../../x86_64-pc-cygwin/bin/ld: cannot find -lcplex
collect2: error: ld returned 1 exit status
configure:4281: $? = 1
configure: failed program was:
| /* confdefs.h */
| #define PACKAGE_NAME "pomdp-solve"
| #define PACKAGE_TARNAME "pomdp-solve"
| #define PACKAGE_VERSION "5.4"
| #define PACKAGE_STRING "pomdp-solve 5.4"
| #define PACKAGE_BUGREPORT "arc@cassandra.org"
| #define PACKAGE_URL ""
| #define PACKAGE "pomdp-solve"
| #define VERSION "5.4"
| /* end confdefs.h.  */
| 
| 
| int
| main ()
| {
| return main ();
|   ;
|   return 0;
| }
configure:4290: result: no
configure:4302: checking for main in -lm
configure:4321: gcc -o conftest.exe -g -O2   conftest.c -lm   >&5
configure:4321: $? = 0
configure:4330: result: yes
configure:4348: checking how to run the C preprocessor
configure:4379: gcc -E  conftest.c
configure:4379: $? = 0
configure:4393: gcc -E  conftest.c
conftest.c:12:28: fatal error: ac_nonexistent.h: No such file or directory
 #include <ac_nonexistent.h>
                            ^
compilation terminated.
configure:4393: $? = 1
configure: failed program was:
| /* confdefs.h */
| #define PACKAGE_NAME "pomdp-solve"
| #define PACKAGE_TARNAME "pomdp-solve"
| #define PACKAGE_VERSION "5.4"
| #define PACKAGE_STRING "pomdp-solve 5.4"
| #define PACKAGE_BUGREPORT "arc@cassandra.org"
| #define PACKAGE_URL ""
| #define PACKAGE "pomdp-solve"
| #define VERSION "5.4"
| #define HAVE_LIBM 1
| /* end confdefs.h.  */
| #include <ac_nonexistent.h>
configure:4418: result: gcc -E
configure:4438: gcc -E  conftest.c
configure:4438: $? = 0
configure:4452: gcc -E  conftest.c
conftest.c:12:28: fatal error: ac_nonexistent.h: No such file or directory
 #include <ac_nonexistent.h>
                            ^
compilation terminated.
configure:4452: $? = 1
configure: failed program was:
| /* confdefs.h */
| #define PACKAGE_NAME "pomdp-solve"
| #define PACKAGE_TARNAME "pomdp-solve"
| #define PACKAGE_VERSION "5.4"
| #define PACKAGE_STRING "pomdp-solve 5.4"
| #define PACKAGE_BUGREPORT "arc@cassandra.org"
| #define PACKAGE_URL ""
| #define PACKAGE "pomdp-solve"
| #define VERSION "5.4"
| #define HAVE_LIBM 1
| /* end confdefs.h.  */
| #include <ac_nonexistent.h>
configure:4481: checking for grep that handles long lines and -e
configure:4539: result: /usr/bin/grep
configure:4544: checking for egrep
configure:4606: result: /usr/bin/grep -E
configure:4611: checking for ANSI C header files
configure:4631: gcc -c -g -O2  conftest.c >&5
configure:4631: $? = 0
configure:4704: gcc -o conftest.exe -g -O2   conftest.c -lm  >&5
configure:4704: $? = 0
configure:4704: ./conftest.exe
configure:4704: $? = 0
configure:4715: result: yes
configure:4728: checking for sys/types.h
configure:4728: gcc -c -g -O2  conftest.c >&5
configure:4728: $? = 0
configure:4728: result: yes
configure:4728: checking for sys/stat.h
configure:4728: gcc -c -g -O2  conftest.c >&5
configure:4728: $? = 0
configure:4728: result: yes
configure:4728: checking for stdlib.h
configure:4728: gcc -c -g -O2  conftest.c >&5
configure:4728: $? = 0
configure:4728: result: yes
configure:4728: checking for string.h
configure:4728: gcc -c -g -O2  conftest.c >&5
configure:4728: $? = 0
configure:4728: result: yes
configure:4728: checking for memory.h
configure:4728: gcc -c -g -O2  conftest.c >&5
configure:4728: $? = 0
configure:4728: result: yes
configure:4728: checking for strings.h
configure:4728: gcc -c -g -O2  conftest.c >&5
configure:4728: $? = 0
configure:4728: result: yes
configure:4728: checking for inttypes.h
configure:4728: gcc -c -g -O2  conftest.c >&5
configure:4728: $? = 0
configure:4728: result: yes
configure:4728: checking for stdint.h
configure:4728: gcc -c -g -O2  conftest.c >&5
configure:4728: $? = 0
configure:4728: result: yes
configure:4728: checking for unistd.h
configure:4728: gcc -c -g -O2  conftest.c >&5
configure:4728: $? = 0
configure:4728: result: yes
configure:4743: checking float.h usability
configure:4743: gcc -c -g -O2  conftest.c >&5
configure:4743: $? = 0
configure:4743: result: yes
configure:4743: checking float.h presence
configure:4743: gcc -E  conftest.c
configure:4743: $? = 0
configure:4743: result: yes
configure:4743: checking for float.h
configure:4743: result: yes
configure:4743: checking limits.h usability
configure:4743: gcc -c -g -O2  conftest.c >&5
configure:4743: $? = 0
configure:4743: result: yes
configure:4743: checking limits.h presence
configure:4743: gcc -E  conftest.c
configure:4743: $? = 0
configure:4743: result: yes
configure:4743: checking for limits.h
configure:4743: result: yes
configure:4743: checking stddef.h usability
configure:4743: gcc -c -g -O2  conftest.c >&5
configure:4743: $? = 0
configure:4743: result: yes
configure:4743: checking stddef.h presence
configure:4743: gcc -E  conftest.c
configure:4743: $? = 0
configure:4743: result: yes
configure:4743: checking for stddef.h
configure:4743: result: yes
configure:4743: checking for stdlib.h
configure:4743: result: yes
configure:4743: checking for string.h
configure:4743: result: yes
configure:4743: checking sys/time.h usability
configure:4743: gcc -c -g -O2  conftest.c >&5
configure:4743: $? = 0
configure:4743: result: yes
configure:4743: checking sys/time.h presence
configure:4743: gcc -E  conftest.c
configure:4743: $? = 0
configure:4743: result: yes
configure:4743: checking for sys/time.h
configure:4743: result: yes
configure:4743: checking for unistd.h
configure:4743: result: yes
configure:4755: checking for an ANSI C-conforming const
configure:4821: gcc -c -g -O2  conftest.c >&5
configure:4821: $? = 0
configure:4828: result: yes
configure:4836: checking for size_t
configure:4836: gcc -c -g -O2  conftest.c >&5
configure:4836: $? = 0
configure:4836: gcc -c -g -O2  conftest.c >&5
conftest.c: In function 'main':
conftest.c:65:21: error: expected expression before ')' token
 if (sizeof ((size_t)))
                     ^
configure:4836: $? = 1
configure: failed program was:
| /* confdefs.h */
| #define PACKAGE_NAME "pomdp-solve"
| #define PACKAGE_TARNAME "pomdp-solve"
| #define PACKAGE_VERSION "5.4"
| #define PACKAGE_STRING "pomdp-solve 5.4"
| #define PACKAGE_BUGREPORT "arc@cassandra.org"
| #define PACKAGE_URL ""
| #define PACKAGE "pomdp-solve"
| #define VERSION "5.4"
| #define HAVE_LIBM 1
| #define STDC_HEADERS 1
| #define HAVE_SYS_TYPES_H 1
| #define HAVE_SYS_STAT_H 1
| #define HAVE_STDLIB_H 1
| #define HAVE_STRING_H 1
| #define HAVE_MEMORY_H 1
| #define HAVE_STRINGS_H 1
| #define HAVE_INTTYPES_H 1
| #define HAVE_STDINT_H 1
| #define HAVE_UNISTD_H 1
| #define HAVE_FLOAT_H 1
| #define HAVE_LIMITS_H 1
| #define HAVE_STDDEF_H 1
| #define HAVE_STDLIB_H 1
| #define HAVE_STRING_H 1
| #define HAVE_SYS_TIME_H 1
| #define HAVE_UNISTD_H 1
| /* end confdefs.h.  */
| #include <stdio.h>
| #ifdef HAVE_SYS_TYPES_H
| # include <sys/types.h>
| #endif
| #ifdef HAVE_SYS_STAT_H
| # include <sys/stat.h>
| #endif
| #ifdef STDC_HEADERS
| # include <stdlib.h>
| # include <stddef.h>
| #else
| # ifdef HAVE_STDLIB_H
| #  include <stdlib.h>
| # endif
| #endif
| #ifdef HAVE_STRING_H
| # if !defined STDC_HEADERS && defined HAVE_MEMORY_H
| #  include <memory.h>
| # endif
| # include <string.h>
| #endif
| #ifdef HAVE_STRINGS_H
| # include <strings.h>
| #endif
| #ifdef HAVE_INTTYPES_H
| # include <inttypes.h>
| #endif
| #ifdef HAVE_STDINT_H
| # include <stdint.h>
| #endif
| #ifdef HAVE_UNISTD_H
| # include <unistd.h>
| #endif
| int
| main ()
| {
| if (sizeof ((size_t)))
| 	    return 0;
|   ;
|   return 0;
| }
configure:4836: result: yes
configure:4847: checking whether time.h and sys/time.h may both be included
configure:4867: gcc -c -g -O2  conftest.c >&5
configure:4867: $? = 0
configure:4874: result: yes
configure:4884: checking for error_at_line
configure:4900: gcc -o conftest.exe -g -O2   conftest.c -lm  >&5
configure:4900: $? = 0
configure:4908: result: yes
configure:4921: checking for stdlib.h
configure:4921: result: yes
configure:4931: checking for GNU libc compatible malloc
configure:4955: gcc -o conftest.exe -g -O2   conftest.c -lm  >&5
configure:4955: $? = 0
configure:4955: ./conftest.exe
configure:4955: $? = 0
configure:4965: result: yes
configure:4988: checking for stdlib.h
configure:4988: result: yes
configure:4998: checking for GNU libc compatible realloc
configure:5022: gcc -o conftest.exe -g -O2   conftest.c -lm  >&5
configure:5022: $? = 0
configure:5022: ./conftest.exe
configure:5022: $? = 0
configure:5032: result: yes
configure:5053: checking return type of signal handlers
configure:5071: gcc -c -g -O2  conftest.c >&5
conftest.c: In function 'main':
conftest.c:40:1: error: void value not ignored as it ought to be
 return *(signal (0, 0)) (0) == 1;
 ^
configure:5071: $? = 1
configure: failed program was:
| /* confdefs.h */
| #define PACKAGE_NAME "pomdp-solve"
| #define PACKAGE_TARNAME "pomdp-solve"
| #define PACKAGE_VERSION "5.4"
| #define PACKAGE_STRING "pomdp-solve 5.4"
| #define PACKAGE_BUGREPORT "arc@cassandra.org"
| #define PACKAGE_URL ""
| #define PACKAGE "pomdp-solve"
| #define VERSION "5.4"
| #define HAVE_LIBM 1
| #define STDC_HEADERS 1
| #define HAVE_SYS_TYPES_H 1
| #define HAVE_SYS_STAT_H 1
| #define HAVE_STDLIB_H 1
| #define HAVE_STRING_H 1
| #define HAVE_MEMORY_H 1
| #define HAVE_STRINGS_H 1
| #define HAVE_INTTYPES_H 1
| #define HAVE_STDINT_H 1
| #define HAVE_UNISTD_H 1
| #define HAVE_FLOAT_H 1
| #define HAVE_LIMITS_H 1
| #define HAVE_STDDEF_H 1
| #define HAVE_STDLIB_H 1
| #define HAVE_STRING_H 1
| #define HAVE_SYS_TIME_H 1
| #define HAVE_UNISTD_H 1
| #define TIME_WITH_SYS_TIME 1
| #define HAVE_STDLIB_H 1
| #define HAVE_MALLOC 1
| #define HAVE_STDLIB_H 1
| #define HAVE_REALLOC 1
| /* end confdefs.h.  */
| #include <sys/types.h>
| #include <signal.h>
| 
| int
| main ()
| {
| return *(signal (0, 0)) (0) == 1;
|   ;
|   return 0;
| }
configure:5078: result: void
configure:5086: checking for working strtod
configure:5127: gcc -o conftest.exe -g -O2   conftest.c -lm  >&5
configure:5127: $? = 0
configure:5127: ./conftest.exe
configure:5127: $? = 0
configure:5137: result: yes
configure:5201: checking for vprintf
configure:5201: gcc -o conftest.exe -g -O2   conftest.c -lm  >&5
conftest.c:58:6: warning: conflicting types for built-in function 'vprintf'
 char vprintf ();
      ^
configure:5201: $? = 0
configure:5201: result: yes
configure:5207: checking for _doprnt
configure:5207: gcc -o conftest.exe -g -O2   conftest.c -lm  >&5
/tmp/ccFpt37i.o: In function `main':
/cygdrive/c/Users/aÔΩöÔΩö„Äç/Downloads/pomdp-solve-5.4/conftest.c:70: undefined reference to `_doprnt'
/cygdrive/c/Users/aÔΩöÔΩö„Äç/Downloads/pomdp-solve-5.4/conftest.c:70:(.text.startup+0xa): relocation truncated to fit: R_X86_64_PC32 against undefined symbol `_doprnt'
collect2: error: ld returned 1 exit status
configure:5207: $? = 1
configure: failed program was:
| /* confdefs.h */
| #define PACKAGE_NAME "pomdp-solve"
| #define PACKAGE_TARNAME "pomdp-solve"
| #define PACKAGE_VERSION "5.4"
| #define PACKAGE_STRING "pomdp-solve 5.4"
| #define PACKAGE_BUGREPORT "arc@cassandra.org"
| #define PACKAGE_URL ""
| #define PACKAGE "pomdp-solve"
| #define VERSION "5.4"
| #define HAVE_LIBM 1
| #define STDC_HEADERS 1
| #define HAVE_SYS_TYPES_H 1
| #define HAVE_SYS_STAT_H 1
| #define HAVE_STDLIB_H 1
| #define HAVE_STRING_H 1
| #define HAVE_MEMORY_H 1
| #define HAVE_STRINGS_H 1
| #define HAVE_INTTYPES_H 1
| #define HAVE_STDINT_H 1
| #define HAVE_UNISTD_H 1
| #define HAVE_FLOAT_H 1
| #define HAVE_LIMITS_H 1
| #define HAVE_STDDEF_H 1
| #define HAVE_STDLIB_H 1
| #define HAVE_STRING_H 1
| #define HAVE_SYS_TIME_H 1
| #define HAVE_UNISTD_H 1
| #define TIME_WITH_SYS_TIME 1
| #define HAVE_STDLIB_H 1
| #define HAVE_MALLOC 1
| #define HAVE_STDLIB_H 1
| #define HAVE_REALLOC 1
| #define RETSIGTYPE void
| #define HAVE_VPRINTF 1
| /* end confdefs.h.  */
| /* Define _doprnt to an innocuous variant, in case <limits.h> declares _doprnt.
|    For example, HP-UX 11i <limits.h> declares gettimeofday.  */
| #define _doprnt innocuous__doprnt
| 
| /* System header to define __stub macros and hopefully few prototypes,
|     which can conflict with char _doprnt (); below.
|     Prefer <limits.h> to <assert.h> if __STDC__ is defined, since
|     <limits.h> exists even on freestanding compilers.  */
| 
| #ifdef __STDC__
| # include <limits.h>
| #else
| # include <assert.h>
| #endif
| 
| #undef _doprnt
| 
| /* Override any GCC internal prototype to avoid an error.
|    Use char because int might match the return type of a GCC
|    builtin and then its argument prototype would still apply.  */
| #ifdef __cplusplus
| extern "C"
| #endif
| char _doprnt ();
| /* The GNU C library defines this for functions which it implements
|     to always fail with ENOSYS.  Some functions are actually named
|     something starting with __ and the normal name is an alias.  */
| #if defined __stub__doprnt || defined __stub____doprnt
| choke me
| #endif
| 
| int
| main ()
| {
| return _doprnt ();
|   ;
|   return 0;
| }
configure:5207: result: no
configure:5221: checking for bzero
configure:5221: gcc -o conftest.exe -g -O2   conftest.c -lm  >&5
conftest.c:59:6: warning: conflicting types for built-in function 'bzero'
 char bzero ();
      ^
configure:5221: $? = 0
configure:5221: result: yes
configure:5221: checking for floor
configure:5221: gcc -o conftest.exe -g -O2   conftest.c -lm  >&5
conftest.c:60:6: warning: conflicting types for built-in function 'floor'
 char floor ();
      ^
configure:5221: $? = 0
configure:5221: result: yes
configure:5221: checking for gettimeofday
configure:5221: gcc -o conftest.exe -g -O2   conftest.c -lm  >&5
configure:5221: $? = 0
configure:5221: result: yes
configure:5221: checking for memset
configure:5221: gcc -o conftest.exe -g -O2   conftest.c -lm  >&5
conftest.c:62:6: warning: conflicting types for built-in function 'memset'
 char memset ();
      ^
configure:5221: $? = 0
configure:5221: result: yes
configure:5221: checking for pow
configure:5221: gcc -o conftest.exe -g -O2   conftest.c -lm  >&5
conftest.c:63:6: warning: conflicting types for built-in function 'pow'
 char pow ();
      ^
configure:5221: $? = 0
configure:5221: result: yes
configure:5221: checking for sqrt
configure:5221: gcc -o conftest.exe -g -O2   conftest.c -lm  >&5
conftest.c:64:6: warning: conflicting types for built-in function 'sqrt'
 char sqrt ();
      ^
configure:5221: $? = 0
configure:5221: result: yes
configure:5221: checking for strstr
configure:5221: gcc -o conftest.exe -g -O2   conftest.c -lm  >&5
conftest.c:65:6: warning: conflicting types for built-in function 'strstr'
 char strstr ();
      ^
configure:5221: $? = 0
configure:5221: result: yes
configure:5341: checking that generated files are newer than configure
configure:5347: result: done
configure:5394: creating ./config.status

## ---------------------- ##
## Running config.status. ##
## ---------------------- ##

This file was extended by pomdp-solve config.status 5.4, which was
generated by GNU Autoconf 2.69.  Invocation command line was

  CONFIG_FILES    = 
  CONFIG_HEADERS  = 
  CONFIG_LINKS    = 
  CONFIG_COMMANDS = 
  $ ./config.status 

on aÇöÇöÅv-PC

config.status:892: creating Makefile
config.status:892: creating src/Makefile
config.status:892: creating src/mdp/Makefile
config.status:892: creating src/lp-solve/Makefile
config.status:892: creating src/laspack/Makefile
config.status:892: creating testing/Makefile
config.status:892: creating config.h
config.status:1121: executing depfiles commands

## ---------------- ##
## Cache variables. ##
## ---------------- ##

ac_cv_c_compiler_gnu=yes
ac_cv_c_const=yes
ac_cv_env_CC_set=
ac_cv_env_CC_value=
ac_cv_env_CFLAGS_set=
ac_cv_env_CFLAGS_value=
ac_cv_env_CPPFLAGS_set=
ac_cv_env_CPPFLAGS_value=
ac_cv_env_CPP_set=
ac_cv_env_CPP_value=
ac_cv_env_LDFLAGS_set=
ac_cv_env_LDFLAGS_value=
ac_cv_env_LIBS_set=
ac_cv_env_LIBS_value=
ac_cv_env_YACC_set=
ac_cv_env_YACC_value=
ac_cv_env_YFLAGS_set=
ac_cv_env_YFLAGS_value=
ac_cv_env_build_alias_set=
ac_cv_env_build_alias_value=
ac_cv_env_host_alias_set=
ac_cv_env_host_alias_value=
ac_cv_env_target_alias_set=
ac_cv_env_target_alias_value=
ac_cv_exeext=.exe
ac_cv_func__doprnt=no
ac_cv_func_bzero=yes
ac_cv_func_floor=yes
ac_cv_func_gettimeofday=yes
ac_cv_func_malloc_0_nonnull=yes
ac_cv_func_memset=yes
ac_cv_func_pow=yes
ac_cv_func_realloc_0_nonnull=yes
ac_cv_func_sqrt=yes
ac_cv_func_strstr=yes
ac_cv_func_strtod=yes
ac_cv_func_vprintf=yes
ac_cv_header_float_h=yes
ac_cv_header_inttypes_h=yes
ac_cv_header_limits_h=yes
ac_cv_header_memory_h=yes
ac_cv_header_stdc=yes
ac_cv_header_stddef_h=yes
ac_cv_header_stdint_h=yes
ac_cv_header_stdlib_h=yes
ac_cv_header_string_h=yes
ac_cv_header_strings_h=yes
ac_cv_header_sys_stat_h=yes
ac_cv_header_sys_time_h=yes
ac_cv_header_sys_types_h=yes
ac_cv_header_time=yes
ac_cv_header_unistd_h=yes
ac_cv_lib_cplex_main=no
ac_cv_lib_error_at_line=yes
ac_cv_lib_m_main=yes
ac_cv_objext=o
ac_cv_path_EGREP='/usr/bin/grep -E'
ac_cv_path_GREP=/usr/bin/grep
ac_cv_path_install='/usr/bin/install -c'
ac_cv_path_mkdir=/usr/bin/mkdir
ac_cv_prog_AWK=gawk
ac_cv_prog_CPP='gcc -E'
ac_cv_prog_ac_ct_CC=gcc
ac_cv_prog_ac_ct_RANLIB=ranlib
ac_cv_prog_cc_c89=
ac_cv_prog_cc_g=yes
ac_cv_prog_make_make_set=yes
ac_cv_type_signal=void
ac_cv_type_size_t=yes
am_cv_CC_dependencies_compiler_type=gcc3
am_cv_make_support_nested_variables=yes
am_cv_prog_cc_c_o=yes

## ----------------- ##
## Output variables. ##
## ----------------- ##

ACLOCAL='${SHELL} /cygdrive/c/Users/aÔΩöÔΩö„Äç/Downloads/pomdp-solve-5.4/missing aclocal-1.14'
AMDEPBACKSLASH='\'
AMDEP_FALSE='#'
AMDEP_TRUE=''
AMTAR='$${TAR-tar}'
AM_BACKSLASH='\'
AM_DEFAULT_V='$(AM_DEFAULT_VERBOSITY)'
AM_DEFAULT_VERBOSITY='1'
AM_V='$(V)'
AUTOCONF='${SHELL} /cygdrive/c/Users/aÔΩöÔΩö„Äç/Downloads/pomdp-solve-5.4/missing autoconf'
AUTOHEADER='${SHELL} /cygdrive/c/Users/aÔΩöÔΩö„Äç/Downloads/pomdp-solve-5.4/missing autoheader'
AUTOMAKE='${SHELL} /cygdrive/c/Users/aÔΩöÔΩö„Äç/Downloads/pomdp-solve-5.4/missing automake-1.14'
AWK='gawk'
CC='gcc'
CCDEPMODE='depmode=gcc3'
CFLAGS='-g -O2'
CPP='gcc -E'
CPPFLAGS=''
CYGPATH_W='cygpath -w'
DEBUG_FALSE=''
DEBUG_TRUE='#'
DEFS='-DHAVE_CONFIG_H'
DEPDIR='.deps'
DMALLOC_FALSE=''
DMALLOC_TRUE='#'
ECHO_C=''
ECHO_N='-n'
ECHO_T=''
EGREP='/usr/bin/grep -E'
EXEEXT='.exe'
GREP='/usr/bin/grep'
INSTALL_DATA='${INSTALL} -m 644'
INSTALL_PROGRAM='${INSTALL}'
INSTALL_SCRIPT='${INSTALL}'
INSTALL_STRIP_PROGRAM='$(install_sh) -c -s'
LDFLAGS=''
LEX='${SHELL} /cygdrive/c/Users/aÔΩöÔΩö„Äç/Downloads/pomdp-solve-5.4/missing flex'
LEXLIB=''
LEX_OUTPUT_ROOT=''
LIBOBJS=''
LIBS='-lm '
LTLIBOBJS=''
MAKEINFO='${SHELL} /cygdrive/c/Users/aÔΩöÔΩö„Äç/Downloads/pomdp-solve-5.4/missing makeinfo'
MKDIR_P='/usr/bin/mkdir -p'
OBJEXT='o'
PACKAGE='pomdp-solve'
PACKAGE_BUGREPORT='arc@cassandra.org'
PACKAGE_NAME='pomdp-solve'
PACKAGE_STRING='pomdp-solve 5.4'
PACKAGE_TARNAME='pomdp-solve'
PACKAGE_URL=''
PACKAGE_VERSION='5.4'
PATH_SEPARATOR=':'
POW_LIB=''
PROFILE_FALSE=''
PROFILE_TRUE='#'
RANLIB='ranlib'
SET_MAKE=''
SHELL='/bin/sh'
STRIP=''
VERSION='5.4'
YACC='yacc'
YFLAGS=''
ac_ct_CC='gcc'
am__EXEEXT_FALSE='#'
am__EXEEXT_TRUE=''
am__fastdepCC_FALSE='#'
am__fastdepCC_TRUE=''
am__include='include'
am__isrc=''
am__leading_dot='.'
am__nodep='_no'
am__quote=''
am__tar='$${TAR-tar} chof - "$$tardir"'
am__untar='$${TAR-tar} xf -'
bindir='${exec_prefix}/bin'
build_alias=''
datadir='${datarootdir}'
datarootdir='${prefix}/share'
docdir='${datarootdir}/doc/${PACKAGE_TARNAME}'
dvidir='${docdir}'
exec_prefix='${prefix}'
host_alias=''
htmldir='${docdir}'
includedir='${prefix}/include'
infodir='${datarootdir}/info'
install_sh='${SHELL} /cygdrive/c/Users/aÔΩöÔΩö„Äç/Downloads/pomdp-solve-5.4/install-sh'
libdir='${exec_prefix}/lib'
libexecdir='${exec_prefix}/libexec'
localedir='${datarootdir}/locale'
localstatedir='${prefix}/var'
mandir='${datarootdir}/man'
mkdir_p='$(MKDIR_P)'
oldincludedir='/usr/include'
pdfdir='${docdir}'
prefix='/usr/local'
program_transform_name='s,x,x,'
psdir='${docdir}'
sbindir='${exec_prefix}/sbin'
sharedstatedir='${prefix}/com'
sysconfdir='${prefix}/etc'
target_alias=''

## ----------- ##
## confdefs.h. ##
## ----------- ##

/* confdefs.h */
#define PACKAGE_NAME "pomdp-solve"
#define PACKAGE_TARNAME "pomdp-solve"
#define PACKAGE_VERSION "5.4"
#define PACKAGE_STRING "pomdp-solve 5.4"
#define PACKAGE_BUGREPORT "arc@cassandra.org"
#define PACKAGE_URL ""
#define PACKAGE "pomdp-solve"
#define VERSION "5.4"
#define HAVE_LIBM 1
#define STDC_HEADERS 1
#define HAVE_SYS_TYPES_H 1
#define HAVE_SYS_STAT_H 1
#define HAVE_STDLIB_H 1
#define HAVE_STRING_H 1
#define HAVE_MEMORY_H 1
#define HAVE_STRINGS_H 1
#define HAVE_INTTYPES_H 1
#define HAVE_STDINT_H 1
#define HAVE_UNISTD_H 1
#define HAVE_FLOAT_H 1
#define HAVE_LIMITS_H 1
#define HAVE_STDDEF_H 1
#define HAVE_STDLIB_H 1
#define HAVE_STRING_H 1
#define HAVE_SYS_TIME_H 1
#define HAVE_UNISTD_H 1
#define TIME_WITH_SYS_TIME 1
#define HAVE_STDLIB_H 1
#define HAVE_MALLOC 1
#define HAVE_STDLIB_H 1
#define HAVE_REALLOC 1
#define RETSIGTYPE void
#define HAVE_VPRINTF 1
#define HAVE_BZERO 1
#define HAVE_FLOOR 1
#define HAVE_GETTIMEOFDAY 1
#define HAVE_MEMSET 1
#define HAVE_POW 1
#define HAVE_SQRT 1
#define HAVE_STRSTR 1

configure: exit 0
